<?xml version="1.0" encoding="UTF-8"?>
<!-- Generated by org.testng.reporters.JUnitReportReporter -->
<testsuite hostname="DESKTOP-PJQ4V1R" failures="0" tests="1" name="testCases.Login_TestCases" time="3.744" errors="0" timestamp="2024-03-11T20:46:45 IST" skipped="0">
  <testcase classname="testCases.Login_TestCases" name="loginTest001" time="3.744"/>
  <system-out/>
</testsuite> <!-- testCases.Login_TestCases -->
